<?xml version="1.0" encoding="UTF-8"?>
<!-- Generated by org.testng.reporters.JUnitXMLReporter -->
<testsuite hostname="addramya" ignored="0" name="TestB" tests="2" failures="1" timestamp="22 Jul 2018 09:15:00 GMT" time="29.428" errors="0">
  <testcase name="testB" time="28.273" classname="com.selenium.ddf.testcases.DummyTestB">
    <failure type="org.openqa.selenium.WebDriverException" message="Reached error page: about:neterror?e=nssFailure2&amp;amp;u=https%3A//gmail.com/&amp;amp;c=UTF-8&amp;amp;f=regular&amp;amp;d=The%20connection%20to%20gmail.com%20was%20interrupted%20while%20the%20page%20was%20loading.
Build info: version: &amp;apos;3.4.0&amp;apos;, revision: &amp;apos;unknown&amp;apos;, time: &amp;apos;unknown&amp;apos;
System info: host: &amp;apos;ADDRAMYA&amp;apos;, ip: &amp;apos;169.254.129.126&amp;apos;, os.name: &amp;apos;Windows 7&amp;apos;, os.arch: &amp;apos;amd64&amp;apos;, os.version: &amp;apos;6.1&amp;apos;, java.version: &amp;apos;1.8.0_131&amp;apos;
Driver info: org.openqa.selenium.firefox.FirefoxDriver
Capabilities [{moz:profile=C:\Users\IBM_AD~1\AppData\Local\Temp\rust_mozprofile.61mDkQOxDrsh, rotatable=false, timeouts={implicit=0.0, page load=300000.0, script=30000.0}, pageLoadStrategy=normal, platform=ANY, specificationLevel=0.0, moz:accessibilityChecks=false, acceptInsecureCerts=false, browserVersion=52.9.0, platformVersion=6.1, moz:processID=10928.0, browserName=firefox, javascriptEnabled=true, platformName=windows_nt}]
Session ID: e0da223a-f46e-4937-8b7f-fc443e81a389">
      <![CDATA[org.openqa.selenium.WebDriverException: Reached error page: about:neterror?e=nssFailure2&u=https%3A//gmail.com/&c=UTF-8&f=regular&d=The%20connection%20to%20gmail.com%20was%20interrupted%20while%20the%20page%20was%20loading.
Build info: version: '3.4.0', revision: 'unknown', time: 'unknown'
System info: host: 'ADDRAMYA', ip: '169.254.129.126', os.name: 'Windows 7', os.arch: 'amd64', os.version: '6.1', java.version: '1.8.0_131'
Driver info: org.openqa.selenium.firefox.FirefoxDriver
Capabilities [{moz:profile=C:\Users\IBM_AD~1\AppData\Local\Temp\rust_mozprofile.61mDkQOxDrsh, rotatable=false, timeouts={implicit=0.0, page load=300000.0, script=30000.0}, pageLoadStrategy=normal, platform=ANY, specificationLevel=0.0, moz:accessibilityChecks=false, acceptInsecureCerts=false, browserVersion=52.9.0, platformVersion=6.1, moz:processID=10928.0, browserName=firefox, javascriptEnabled=true, platformName=windows_nt}]
Session ID: e0da223a-f46e-4937-8b7f-fc443e81a389
	at org.openqa.selenium.remote.http.W3CHttpResponseCodec.createException(W3CHttpResponseCodec.java:150)
	at org.openqa.selenium.remote.http.W3CHttpResponseCodec.decode(W3CHttpResponseCodec.java:115)
	at org.openqa.selenium.remote.http.W3CHttpResponseCodec.decode(W3CHttpResponseCodec.java:45)
	at org.openqa.selenium.remote.HttpCommandExecutor.execute(HttpCommandExecutor.java:164)
	at org.openqa.selenium.remote.service.DriverCommandExecutor.execute(DriverCommandExecutor.java:82)
	at org.openqa.selenium.remote.RemoteWebDriver.execute(RemoteWebDriver.java:637)
	at org.openqa.selenium.remote.RemoteWebDriver.get(RemoteWebDriver.java:364)
	at com.selenium.ddf.base.Baseclass.navigate(Baseclass.java:65)
	at com.selenium.ddf.testcases.DummyTestB.testB(DummyTestB.java:38)
... Removed 29 stack frames]]>
    </failure>
  </testcase> <!-- testB -->
  <testcase name="testB" time="0.062" classname="com.selenium.ddf.testcases.DummyTestB">
    <skipped/>
  </testcase> <!-- testB -->
</testsuite> <!-- TestB -->
